
> aeg-storybook-token-demo@0.1.0 storybook:build /home/skyua/projects/aeghash/examples/frontend-storybook
> storybook build --output-dir=/tmp/chromatic--40317-7HfVfq4w87vX

[1m@storybook/core v8.6.14
[22m
info => Cleaning outputDir: [36m../../../../../../tmp/chromatic--40317-7HfVfq4w87vX[39m
info => Loading presets
info Found existing addon "@storybook/addon-viewport", skipping.
info Found existing addon "@storybook/addon-viewport", skipping.
info => Building manager..
info => Manager built ([38;2;181;126;229m139 ms[39m)
info => Building preview..
info Using tsconfig paths for react-docgen
[36mvite v5.4.20 [32mbuilding for production...[36m[39m
transforming...
[32m✓[39m 137 modules transformed.
rendering chunks...
computing gzip size...
[2m../../../../../../tmp/chromatic--40317-7HfVfq4w87vX/[22m[32miframe.html                                        [39m[1m[2m 17.57 kB[22m[1m[22m[2m │ gzip:   4.98 kB[22m
[2m../../../../../../tmp/chromatic--40317-7HfVfq4w87vX/[22m[2massets/[22m[35mpreview-C-I4NH_E.css                        [39m[1m[2m 15.63 kB[22m[1m[22m[2m │ gzip:   2.81 kB[22m
[2m../../../../../../tmp/chromatic--40317-7HfVfq4w87vX/[22m[2massets/[22m[36mpreview-GFuZqZw3.js                         [39m[1m[2m  0.16 kB[22m[1m[22m[2m │ gzip:   0.16 kB[22m
[2m../../../../../../tmp/chromatic--40317-7HfVfq4w87vX/[22m[2massets/[22m[36mpreview-CvbIS5ZJ.js                         [39m[1m[2m  0.18 kB[22m[1m[22m[2m │ gzip:   0.16 kB[22m
[2m../../../../../../tmp/chromatic--40317-7HfVfq4w87vX/[22m[2massets/[22m[36mpreview-C1Rg5-Hn.js                         [39m[1m[2m  0.20 kB[22m[1m[22m[2m │ gzip:   0.18 kB[22m
[2m../../../../../../tmp/chromatic--40317-7HfVfq4w87vX/[22m[2massets/[22m[36m_commonjsHelpers-Cpj98o6Y.js                [39m[1m[2m  0.24 kB[22m[1m[22m[2m │ gzip:   0.18 kB[22m
[2m../../../../../../tmp/chromatic--40317-7HfVfq4w87vX/[22m[2massets/[22m[36mindex-C73SbsMm.js                           [39m[1m[2m  0.46 kB[22m[1m[22m[2m │ gzip:   0.30 kB[22m
[2m../../../../../../tmp/chromatic--40317-7HfVfq4w87vX/[22m[2massets/[22m[36mpreview-DHQbi4pV.js                         [39m[1m[2m  0.61 kB[22m[1m[22m[2m │ gzip:   0.42 kB[22m
[2m../../../../../../tmp/chromatic--40317-7HfVfq4w87vX/[22m[2massets/[22m[36mchunk-XP5HYGXS-BpfKkqn7.js                  [39m[1m[2m  0.71 kB[22m[1m[22m[2m │ gzip:   0.40 kB[22m
[2m../../../../../../tmp/chromatic--40317-7HfVfq4w87vX/[22m[2massets/[22m[36mpreview-DGUiP6tS.js                         [39m[1m[2m  0.71 kB[22m[1m[22m[2m │ gzip:   0.50 kB[22m
[2m../../../../../../tmp/chromatic--40317-7HfVfq4w87vX/[22m[2massets/[22m[36mindex-DrFu-skq.js                           [39m[1m[2m  0.77 kB[22m[1m[22m[2m │ gzip:   0.47 kB[22m
[2m../../../../../../tmp/chromatic--40317-7HfVfq4w87vX/[22m[2massets/[22m[36mreact-18-CsiZHQ1d.js                        [39m[1m[2m  0.84 kB[22m[1m[22m[2m │ gzip:   0.50 kB[22m
[2m../../../../../../tmp/chromatic--40317-7HfVfq4w87vX/[22m[2massets/[22m[36mjsx-runtime-DF2Pcvd1.js                     [39m[1m[2m  0.92 kB[22m[1m[22m[2m │ gzip:   0.58 kB[22m
[2m../../../../../../tmp/chromatic--40317-7HfVfq4w87vX/[22m[2massets/[22m[36mpreview-BkHZoFPK.js                         [39m[1m[2m  0.93 kB[22m[1m[22m[2m │ gzip:   0.59 kB[22m
[2m../../../../../../tmp/chromatic--40317-7HfVfq4w87vX/[22m[2massets/[22m[36mButton.stories-DiLzL-sg.js                  [39m[1m[2m  1.02 kB[22m[1m[22m[2m │ gzip:   0.48 kB[22m
[2m../../../../../../tmp/chromatic--40317-7HfVfq4w87vX/[22m[2massets/[22m[36mTurnstileStatus-CBRGNlar.js                 [39m[1m[2m  1.20 kB[22m[1m[22m[2m │ gzip:   0.69 kB[22m
[2m../../../../../../tmp/chromatic--40317-7HfVfq4w87vX/[22m[2massets/[22m[36mInputField-BP7-SdqF.js                      [39m[1m[2m  1.28 kB[22m[1m[22m[2m │ gzip:   0.56 kB[22m
[2m../../../../../../tmp/chromatic--40317-7HfVfq4w87vX/[22m[2massets/[22m[36mpreview-D6TV6Fja.js                         [39m[1m[2m  2.21 kB[22m[1m[22m[2m │ gzip:   1.21 kB[22m
[2m../../../../../../tmp/chromatic--40317-7HfVfq4w87vX/[22m[2massets/[22m[36mInput.stories-DuChGQGk.js                   [39m[1m[2m  2.65 kB[22m[1m[22m[2m │ gzip:   1.36 kB[22m
[2m../../../../../../tmp/chromatic--40317-7HfVfq4w87vX/[22m[2massets/[22m[36mOnboardingCard.stories-BV6oKncp.js          [39m[1m[2m  2.80 kB[22m[1m[22m[2m │ gzip:   1.39 kB[22m
[2m../../../../../../tmp/chromatic--40317-7HfVfq4w87vX/[22m[2massets/[22m[36mFAQAccordion.stories-C6SLmJXu.js            [39m[1m[2m  2.92 kB[22m[1m[22m[2m │ gzip:   1.62 kB[22m
[2m../../../../../../tmp/chromatic--40317-7HfVfq4w87vX/[22m[2massets/[22m[36mpreview-DD_OYowb.js                         [39m[1m[2m  3.51 kB[22m[1m[22m[2m │ gzip:   1.69 kB[22m
[2m../../../../../../tmp/chromatic--40317-7HfVfq4w87vX/[22m[2massets/[22m[36mTwoFactorPrompt.stories-DCKUFLq1.js         [39m[1m[2m  4.20 kB[22m[1m[22m[2m │ gzip:   1.76 kB[22m
[2m../../../../../../tmp/chromatic--40317-7HfVfq4w87vX/[22m[2massets/[22m[36mButton.stories-SrsuBEQi.js                  [39m[1m[2m  4.53 kB[22m[1m[22m[2m │ gzip:   1.64 kB[22m
[2m../../../../../../tmp/chromatic--40317-7HfVfq4w87vX/[22m[2massets/[22m[36mpreview-B8lJiyuQ.js                         [39m[1m[2m  5.06 kB[22m[1m[22m[2m │ gzip:   1.88 kB[22m
[2m../../../../../../tmp/chromatic--40317-7HfVfq4w87vX/[22m[2massets/[22m[36mKpiSummaryCard.stories-C_EEbT-g.js          [39m[1m[2m  5.14 kB[22m[1m[22m[2m │ gzip:   1.98 kB[22m
[2m../../../../../../tmp/chromatic--40317-7HfVfq4w87vX/[22m[2massets/[22m[36mButton-IMkRApGy.js                          [39m[1m[2m  5.18 kB[22m[1m[22m[2m │ gzip:   1.61 kB[22m
[2m../../../../../../tmp/chromatic--40317-7HfVfq4w87vX/[22m[2massets/[22m[36mLoginForm.stories-G3Bijgwj.js               [39m[1m[2m  5.84 kB[22m[1m[22m[2m │ gzip:   2.16 kB[22m
[2m../../../../../../tmp/chromatic--40317-7HfVfq4w87vX/[22m[2massets/[22m[36mSignupStepper.stories-DrVbKWRL.js           [39m[1m[2m  6.31 kB[22m[1m[22m[2m │ gzip:   2.66 kB[22m
[2m../../../../../../tmp/chromatic--40317-7HfVfq4w87vX/[22m[2massets/[22m[36mBonusStatus.stories-DJ6Y1fU0.js             [39m[1m[2m  6.79 kB[22m[1m[22m[2m │ gzip:   2.22 kB[22m
[2m../../../../../../tmp/chromatic--40317-7HfVfq4w87vX/[22m[2massets/[22m[36mOrganizationTreeCanvas.stories-CMEtICoR.js  [39m[1m[2m  7.08 kB[22m[1m[22m[2m │ gzip:   2.59 kB[22m
[2m../../../../../../tmp/chromatic--40317-7HfVfq4w87vX/[22m[2massets/[22m[36mindex-B2-qRKKC.js                           [39m[1m[2m  7.18 kB[22m[1m[22m[2m │ gzip:   2.92 kB[22m
[2m../../../../../../tmp/chromatic--40317-7HfVfq4w87vX/[22m[2massets/[22m[36mpreview-BWzBA1C2.js                         [39m[1m[2m  7.62 kB[22m[1m[22m[2m │ gzip:   1.56 kB[22m
[2m../../../../../../tmp/chromatic--40317-7HfVfq4w87vX/[22m[2massets/[22m[36mpreview-BBWR9nbA.js                         [39m[1m[2m  8.12 kB[22m[1m[22m[2m │ gzip:   3.10 kB[22m
[2m../../../../../../tmp/chromatic--40317-7HfVfq4w87vX/[22m[2massets/[22m[36mMerchantPOSPanel.stories-0RNpFZED.js        [39m[1m[2m  8.80 kB[22m[1m[22m[2m │ gzip:   2.82 kB[22m
[2m../../../../../../tmp/chromatic--40317-7HfVfq4w87vX/[22m[2massets/[22m[36mCard.stories-D1Hr4s75.js                    [39m[1m[2m  8.97 kB[22m[1m[22m[2m │ gzip:   3.02 kB[22m
[2m../../../../../../tmp/chromatic--40317-7HfVfq4w87vX/[22m[2massets/[22m[36mMiningDashboard.stories-DI8A4jlP.js         [39m[1m[2m 10.04 kB[22m[1m[22m[2m │ gzip:   2.90 kB[22m
[2m../../../../../../tmp/chromatic--40317-7HfVfq4w87vX/[22m[2massets/[22m[36mtest-utils-C9PrZXV-.js                      [39m[1m[2m 12.99 kB[22m[1m[22m[2m │ gzip:   5.06 kB[22m
[2m../../../../../../tmp/chromatic--40317-7HfVfq4w87vX/[22m[2massets/[22m[36mColor-YHDXOIA2-BuswxzkT.js                  [39m[1m[2m 29.37 kB[22m[1m[22m[2m │ gzip:  11.07 kB[22m
[2m../../../../../../tmp/chromatic--40317-7HfVfq4w87vX/[22m[2massets/[22m[36mmatchers-7Z3WT2CE-T3xScrR7.js               [39m[1m[2m 29.79 kB[22m[1m[22m[2m │ gzip:  10.30 kB[22m
[2m../../../../../../tmp/chromatic--40317-7HfVfq4w87vX/[22m[2massets/[22m[36mentry-preview-D6nYR5V2.js                   [39m[1m[2m 29.84 kB[22m[1m[22m[2m │ gzip:   9.55 kB[22m
[2m../../../../../../tmp/chromatic--40317-7HfVfq4w87vX/[22m[2massets/[22m[36mindex-Bhelpi4i.js                           [39m[1m[2m 57.15 kB[22m[1m[22m[2m │ gzip:  16.30 kB[22m
[2m../../../../../../tmp/chromatic--40317-7HfVfq4w87vX/[22m[2massets/[22m[36mindex-CFX93qP1.js                           [39m[1m[2m134.00 kB[22m[1m[22m[2m │ gzip:  43.17 kB[22m
[2m../../../../../../tmp/chromatic--40317-7HfVfq4w87vX/[22m[2massets/[22m[36miframe-LIzC8jxC.js                          [39m[1m[2m210.66 kB[22m[1m[22m[2m │ gzip:  72.36 kB[22m
[2m../../../../../../tmp/chromatic--40317-7HfVfq4w87vX/[22m[2massets/[22m[36mentry-preview-docs-DTdFhpOC.js              [39m[1m[2m244.71 kB[22m[1m[22m[2m │ gzip:  73.44 kB[22m
[2m../../../../../../tmp/chromatic--40317-7HfVfq4w87vX/[22m[2massets/[22m[36maxe-D8iQQ16I.js                             [39m[1m[33m578.93 kB[39m[22m[2m │ gzip: 159.52 kB[22m
[2m../../../../../../tmp/chromatic--40317-7HfVfq4w87vX/[22m[2massets/[22m[36mindex-DeVe91LA.js                           [39m[1m[33m662.10 kB[39m[22m[2m │ gzip: 156.68 kB[22m
[2m../../../../../../tmp/chromatic--40317-7HfVfq4w87vX/[22m[2massets/[22m[36mDocsRenderer-CFRXHY34-B5BSVjgf.js           [39m[1m[33m889.49 kB[39m[22m[2m │ gzip: 275.91 kB[22m
[32m✓ built in 4.34s[39m
info => Preview built ([38;2;181;126;229m4.9 s[39m)
info => Output directory: /tmp/chromatic--40317-7HfVfq4w87vX
